<?xml version="1.0" encoding="UTF-8"?>
<testsuite name="sbu.cs.FindMultiplesTest" tests="6" skipped="0" failures="0" errors="0" timestamp="2023-06-24T04:30:22" hostname="DESKTOP-0QA5IJ9" time="0.015">
  <properties/>
  <testcase name="testOne()" classname="sbu.cs.FindMultiplesTest" time="0.008"/>
  <testcase name="testSix()" classname="sbu.cs.FindMultiplesTest" time="0.001"/>
  <testcase name="testTwo()" classname="sbu.cs.FindMultiplesTest" time="0.001"/>
  <testcase name="testThree()" classname="sbu.cs.FindMultiplesTest" time="0.001"/>
  <testcase name="testFive()" classname="sbu.cs.FindMultiplesTest" time="0.002"/>
  <testcase name="testFour()" classname="sbu.cs.FindMultiplesTest" time="0.001"/>
  <system-out><![CDATA[]]></system-out>
  <system-err><![CDATA[]]></system-err>
</testsuite>
